<?xml version="1.0" encoding="UTF-8"?>
<!-- Generated by org.testng.reporters.JUnitReportReporter -->
<testsuite hostname="LAPTOP-IIBVRVE9" failures="0" tests="1" name="Framework.Framework.StandAloneTest" time="17.188" errors="0" timestamp="2025-10-21T14:29:49 IST" skipped="0">
  <testcase classname="Framework.Framework.StandAloneTest" name="addToCart" time="17.188"/>
  <system-out/>
</testsuite> <!-- Framework.Framework.StandAloneTest -->
