<?xml version="1.0" encoding="UTF-8"?>
<!-- Generated by org.testng.reporters.JUnitReportReporter -->
<testsuite hostname="LAPTOP-IIBVRVE9" failures="0" tests="1" name="Framework.Framework.StandAloneTest" time="31.828" errors="0" timestamp="2025-10-24T11:45:17 IST" skipped="0">
  <testcase classname="Framework.Framework.StandAloneTest" name="addToCart" time="31.828"/>
</testsuite> <!-- Framework.Framework.StandAloneTest -->
